[2025-07-16T11:39:37.198] [INFO] default - Application is starting up...
[2025-07-16T11:41:16.705] [INFO] default - Application is starting up...
[2025-07-16T11:41:31.631] [INFO] default - Application is starting up...
[2025-07-16T11:41:58.025] [INFO] default - Application is starting up...
[2025-07-16T11:42:11.443] [INFO] default - Application is starting up...
[2025-07-16T11:42:24.398] [INFO] default - Application is starting up...
[2025-07-16T11:42:44.350] [INFO] default - Application is starting up...
[2025-07-16T11:42:52.813] [INFO] default - Application is starting up...
[2025-07-16T11:43:01.638] [INFO] default - Application is starting up...
[2025-07-16T11:43:18.653] [INFO] default - Application is starting up...
[2025-07-16T11:43:30.660] [INFO] default - Application is starting up...
[2025-07-16T11:43:49.409] [INFO] default - Application is starting up...
[2025-07-16T11:44:22.369] [INFO] default - Application is starting up...
[2025-07-16T11:44:31.979] [INFO] default - Application is starting up...
[2025-07-16T11:44:40.397] [INFO] default - Application is starting up...
[2025-07-16T11:45:35.697] [INFO] default - Application is starting up...
[2025-07-16T11:45:41.492] [INFO] default - Application is starting up...
[2025-07-16T11:46:07.001] [INFO] default - Application is starting up...
[2025-07-16T11:46:11.018] [INFO] default - Application is starting up...
[2025-07-16T11:46:21.179] [INFO] default - Application is starting up...
[2025-07-16T11:46:30.433] [INFO] default - Application is starting up...
[2025-07-16T11:47:01.570] [INFO] default - Application is starting up...
[2025-07-16T11:47:05.544] [INFO] default - Application is starting up...
[2025-07-16T11:48:28.025] [INFO] default - Application is starting up...
[2025-07-16T11:50:08.205] [INFO] default - Application is starting up...
[2025-07-16T11:50:27.561] [INFO] default - Application is starting up...
[2025-07-16T11:51:33.844] [INFO] default - Application is starting up...
[2025-07-16T11:51:42.587] [INFO] default - Application is starting up...
[2025-07-16T11:54:06.615] [INFO] default - Application is starting up...
[2025-07-16T11:54:17.459] [INFO] default - Application is starting up...
[2025-07-16T11:54:32.377] [INFO] default - Application is starting up...
[2025-07-16T11:54:41.557] [INFO] default - Application is starting up...
[2025-07-16T11:55:03.416] [INFO] default - Application is starting up...
[2025-07-16T11:55:57.662] [INFO] default - Application is starting up...
[2025-07-16T11:56:08.604] [INFO] default - Application is starting up...
[2025-07-16T11:56:17.847] [INFO] default - Application is starting up...
[2025-07-16T11:56:38.804] [INFO] default - Application is starting up...
[2025-07-16T11:56:59.411] [INFO] default - Application is starting up...
[2025-07-16T11:57:17.827] [INFO] default - Application is starting up...
[2025-07-16T11:57:36.460] [INFO] default - Application is starting up...
[2025-07-16T11:57:54.149] [INFO] default - Application is starting up...
[2025-07-16T11:57:54.174] [INFO] default - Server started successfully and listening on port 8800
[2025-07-16T11:58:42.004] [INFO] default - Application is starting up...
[2025-07-16T11:58:42.027] [INFO] default - Server started successfully and listening on port 8800
[2025-07-16T12:06:59.979] [INFO] default - Application is starting up...
[2025-07-16T12:07:00.002] [INFO] default - Server started successfully and listening on port 8800
[2025-07-16T12:21:56.060] [INFO] default - POST /api/auth/login endpoint was hit.
[2025-07-16T12:21:56.061] [DEBUG] default - Login attempt for user: souradeep@ami.in
[2025-07-16T12:21:56.061] [INFO] default - Login attempt for user: souradeep@ami.in
[2025-07-16T12:21:56.062] [DEBUG] default - Searching for user: souradeep@ami.in
[2025-07-16T12:21:56.088] [DEBUG] default - User found, verifying password for: souradeep@ami.in
[2025-07-16T12:21:56.224] [INFO] default - Password verified successfully for user: souradeep@ami.in
[2025-07-16T12:21:56.224] [DEBUG] default - Generating access token for user: souradeep@ami.in
[2025-07-16T12:21:56.231] [DEBUG] default - Generating refresh token for user: souradeep@ami.in
[2025-07-16T12:21:56.233] [INFO] default - Tokens generated successfully for user: souradeep@ami.in
[2025-07-16T12:21:56.233] [INFO] default - User logged in successfully: souradeep@ami.in
[2025-07-16T12:22:00.324] [INFO] default - POST /api/auth/login endpoint was hit.
[2025-07-16T12:22:00.324] [DEBUG] default - Login attempt for user: souradeep@ami.in
[2025-07-16T12:22:00.324] [INFO] default - Login attempt for user: souradeep@ami.in
[2025-07-16T12:22:00.324] [DEBUG] default - Searching for user: souradeep@ami.in
[2025-07-16T12:22:00.330] [DEBUG] default - User found, verifying password for: souradeep@ami.in
[2025-07-16T12:22:00.466] [INFO] default - Password verified successfully for user: souradeep@ami.in
[2025-07-16T12:22:00.466] [DEBUG] default - Generating access token for user: souradeep@ami.in
[2025-07-16T12:22:00.468] [DEBUG] default - Generating refresh token for user: souradeep@ami.in
[2025-07-16T12:22:00.469] [INFO] default - Tokens generated successfully for user: souradeep@ami.in
[2025-07-16T12:22:00.469] [INFO] default - User logged in successfully: souradeep@ami.in
[2025-07-16T12:23:32.199] [INFO] default - Application is starting up...
[2025-07-16T12:23:32.230] [INFO] default - Server started successfully and listening on port 8800
[2025-07-16T12:23:51.124] [INFO] default - Application is starting up...
[2025-07-16T12:23:51.151] [INFO] default - Server started successfully and listening on port 8800
[2025-07-16T12:24:04.403] [INFO] default - Application is starting up...
[2025-07-16T12:24:04.427] [INFO] default - Server started successfully and listening on port 8800
[2025-07-16T12:24:28.694] [INFO] default - Application is starting up...
[2025-07-16T12:24:28.728] [INFO] default - Server started successfully and listening on port 8800
[2025-07-16T12:24:50.619] [INFO] default - Application is starting up...
[2025-07-16T12:24:50.648] [INFO] default - Server started successfully and listening on port 8800
[2025-07-16T12:25:13.124] [INFO] default - Application is starting up...
[2025-07-16T12:25:13.151] [INFO] default - Server started successfully and listening on port 8800
[2025-07-16T12:25:35.465] [INFO] default - Application is starting up...
[2025-07-16T12:25:35.501] [INFO] default - Server started successfully and listening on port 8800
[2025-07-16T12:25:55.580] [INFO] default - Application is starting up...
[2025-07-16T12:25:55.620] [INFO] default - Server started successfully and listening on port 8800
[2025-07-16T12:26:16.507] [INFO] default - Application is starting up...
[2025-07-16T12:26:16.534] [INFO] default - Server started successfully and listening on port 8800
[2025-07-16T12:26:26.040] [INFO] default - Application is starting up...
[2025-07-16T12:26:26.074] [INFO] default - Server started successfully and listening on port 8800
[2025-07-16T12:27:07.690] [INFO] default - Application is starting up...
[2025-07-16T12:27:07.722] [INFO] default - Server started successfully and listening on port 8800
[2025-07-16T12:27:22.328] [INFO] default - Application is starting up...
[2025-07-16T12:27:22.359] [INFO] default - Server started successfully and listening on port 8800
[2025-07-16T12:27:43.680] [INFO] default - Application is starting up...
[2025-07-16T12:27:43.740] [INFO] default - Server started successfully and listening on port 8800
[2025-07-16T12:28:04.007] [INFO] default - Application is starting up...
[2025-07-16T12:28:04.039] [INFO] default - Server started successfully and listening on port 8800
[2025-07-16T12:31:09.119] [INFO] default - Application is starting up...
[2025-07-16T12:31:09.142] [INFO] default - Server started successfully and listening on port 8800
